行號 10: MatrixCalib 的 Icon 屬性所引用的檔案有誤。
行號 776: Combo_Dis 的 ItemData 屬性所引用的檔案有誤。
行號 778: Combo_Dis 的 List 屬性所引用的檔案有誤。
行號 795: Combo_CalStd 的 ItemData 屬性所引用的檔案有誤。
行號 797: Combo_CalStd 的 List 屬性所引用的檔案有誤。
行號 815: Combo_Ave 的 ItemData 屬性所引用的檔案有誤。
行號 817: Combo_Ave 的 List 屬性所引用的檔案有誤。
行號 834: Combo_Sync 的 ItemData 屬性所引用的檔案有誤。
行號 836: Combo_Sync 的 List 屬性所引用的檔案有誤。
行號 921: Image1 的 Picture 屬性所引用的檔案有誤。
行號 10: MatrixCalib 的 Icon 屬性所引用的檔案有誤。
行號 776: Combo_Dis 的 ItemData 屬性所引用的檔案有誤。
行號 778: Combo_Dis 的 List 屬性所引用的檔案有誤。
行號 795: Combo_CalStd 的 ItemData 屬性所引用的檔案有誤。
行號 797: Combo_CalStd 的 List 屬性所引用的檔案有誤。
行號 815: Combo_Ave 的 ItemData 屬性所引用的檔案有誤。
行號 817: Combo_Ave 的 List 屬性所引用的檔案有誤。
行號 834: Combo_Sync 的 ItemData 屬性所引用的檔案有誤。
行號 836: Combo_Sync 的 List 屬性所引用的檔案有誤。
行號 921: Image1 的 Picture 屬性所引用的檔案有誤。
